nov 25, 2024 3:40:24 A. M. com.jjla2425.da.practica.DataBase.DataBaseManager <init>
INFORMACIÓN: Initializing SessionFactory for Hibernate...
nov 25, 2024 3:40:25 A. M. com.jjla2425.da.practica.DataBase.DataBaseManager <init>
INFORMACIÓN: SessionFactory initialized successfully.
nov 25, 2024 3:40:25 A. M. com.jjla2425.da.practica.DataBase.DataBaseManager getSellerByCIF
INFORMACIÓN: Getting seller by CIF: A12345678
nov 25, 2024 3:40:30 A. M. com.jjla2425.da.practica.DataBase.DataBaseManager getSellerByCIF
INFORMACIÓN: Getting seller by CIF: A12345678
nov 25, 2024 3:40:32 A. M. com.jjla2425.da.practica.DataBase.DataBaseManager updateSeller
INFORMACIÓN: Updating seller information...
nov 25, 2024 3:40:33 A. M. com.jjla2425.da.practica.DataBase.DataBaseManager updateSeller
INFORMACIÓN: Seller information updated successfully.
nov 25, 2024 3:40:37 A. M. com.jjla2425.da.practica.DataBase.DataBaseManager updateSeller
INFORMACIÓN: Updating seller information...
nov 25, 2024 3:40:37 A. M. com.jjla2425.da.practica.DataBase.DataBaseManager updateSeller
INFORMACIÓN: Seller information updated successfully.
nov 25, 2024 3:40:39 A. M. com.jjla2425.da.practica.DataBase.DataBaseManager updateSeller
INFORMACIÓN: Updating seller information...
nov 25, 2024 3:40:39 A. M. com.jjla2425.da.practica.DataBase.DataBaseManager updateSeller
INFORMACIÓN: Seller information updated successfully.
nov 25, 2024 3:40:42 A. M. com.jjla2425.da.practica.DataBase.DataBaseManager getCategories
INFORMACIÓN: Getting all categories...
nov 25, 2024 3:40:42 A. M. com.jjla2425.da.practica.DataBase.DataBaseManager getProductsSellerActive
INFORMACIÓN: Getting active products for seller with ID: 1
nov 25, 2024 3:40:42 A. M. com.jjla2425.da.practica.DataBase.DataBaseManager convertSellerProductsEntityToProductsEntity
INFORMACIÓN: Converting SellerProductsEntity to ProductsEntity...
nov 25, 2024 3:40:43 A. M. com.jjla2425.da.practica.DataBase.DataBaseManager getCategories
INFORMACIÓN: Getting all categories...
nov 25, 2024 3:40:44 A. M. com.jjla2425.da.practica.DataBase.DataBaseManager getProductsRemainingSellerWithCategoryId
INFORMACIÓN: Getting remaining products for seller ID: 1 and category ID: 2
nov 25, 2024 3:40:48 A. M. com.jjla2425.da.practica.DataBase.DataBaseManager getProductsRemainingSellerWithCategoryId
INFORMACIÓN: Getting remaining products for seller ID: 1 and category ID: 4
nov 25, 2024 3:40:50 A. M. com.jjla2425.da.practica.DataBase.DataBaseManager getProductsRemainingSellerWithCategoryId
INFORMACIÓN: Getting remaining products for seller ID: 1 and category ID: 8
nov 25, 2024 3:40:53 A. M. com.jjla2425.da.practica.DataBase.DataBaseManager getProductsRemainingSellerWithCategoryId
INFORMACIÓN: Getting remaining products for seller ID: 1 and category ID: 6
nov 25, 2024 3:40:54 A. M. com.jjla2425.da.practica.DataBase.DataBaseManager getProductsRemainingSellerWithCategoryId
INFORMACIÓN: Getting remaining products for seller ID: 1 and category ID: 1
nov 25, 2024 3:40:56 A. M. com.jjla2425.da.practica.DataBase.DataBaseManager getProductsRemainingSellerWithCategoryId
INFORMACIÓN: Getting remaining products for seller ID: 1 and category ID: 3
nov 25, 2024 3:40:57 A. M. com.jjla2425.da.practica.DataBase.DataBaseManager getProductsRemainingSellerWithCategoryId
INFORMACIÓN: Getting remaining products for seller ID: 1 and category ID: 2
nov 25, 2024 3:40:59 A. M. com.jjla2425.da.practica.DataBase.DataBaseManager getProductsRemainingSellerWithCategoryId
INFORMACIÓN: Getting remaining products for seller ID: 1 and category ID: 5
nov 25, 2024 3:41:01 A. M. com.jjla2425.da.practica.DataBase.DataBaseManager getProductsRemainingSellerWithCategoryId
INFORMACIÓN: Getting remaining products for seller ID: 1 and category ID: 6
nov 25, 2024 3:41:03 A. M. com.jjla2425.da.practica.DataBase.DataBaseManager getProductsRemainingSellerWithCategoryId
INFORMACIÓN: Getting remaining products for seller ID: 1 and category ID: 7
nov 25, 2024 3:41:05 A. M. com.jjla2425.da.practica.DataBase.DataBaseManager addProductsSeller
INFORMACIÓN: Adding new product to the seller...
nov 25, 2024 3:41:05 A. M. com.jjla2425.da.practica.DataBase.DataBaseManager addProductsSeller
INFORMACIÓN: Product added successfully.
nov 25, 2024 3:41:05 A. M. com.jjla2425.da.practica.DataBase.DataBaseManager getProductsRemainingSellerWithCategoryId
INFORMACIÓN: Getting remaining products for seller ID: 1 and category ID: 7
nov 25, 2024 3:43:31 A. M. com.jjla2425.da.practica.DataBase.DataBaseManager <init>
INFORMACIÓN: Initializing SessionFactory for Hibernate...
nov 25, 2024 3:43:32 A. M. com.jjla2425.da.practica.DataBase.DataBaseManager <init>
INFORMACIÓN: SessionFactory initialized successfully.
nov 25, 2024 3:43:32 A. M. com.jjla2425.da.practica.DataBase.DataBaseManager getSellerByCIF
INFORMACIÓN: Getting seller by CIF: A12345678
nov 25, 2024 3:43:36 A. M. com.jjla2425.da.practica.DataBase.DataBaseManager getSellerByCIF
INFORMACIÓN: Getting seller by CIF: A12345678
nov 25, 2024 3:43:40 A. M. com.jjla2425.da.practica.DataBase.DataBaseManager getSellerByCIF
INFORMACIÓN: Getting seller by CIF: A12345678
nov 25, 2024 3:43:41 A. M. com.jjla2425.da.practica.DataBase.DataBaseManager getCategories
INFORMACIÓN: Getting all categories...
nov 25, 2024 3:43:41 A. M. com.jjla2425.da.practica.DataBase.DataBaseManager getProductsSellerActive
INFORMACIÓN: Getting active products for seller with ID: 1
nov 25, 2024 3:43:41 A. M. com.jjla2425.da.practica.DataBase.DataBaseManager convertSellerProductsEntityToProductsEntity
INFORMACIÓN: Converting SellerProductsEntity to ProductsEntity...
nov 25, 2024 3:48:14 A. M. com.jjla2425.da.practica.DataBase.DataBaseManager <init>
INFORMACIÓN: Initializing SessionFactory for Hibernate...
nov 25, 2024 3:48:15 A. M. com.jjla2425.da.practica.DataBase.DataBaseManager <init>
INFORMACIÓN: SessionFactory initialized successfully.
nov 25, 2024 3:48:15 A. M. com.jjla2425.da.practica.DataBase.DataBaseManager getSellerByCIF
INFORMACIÓN: Getting seller by CIF: A12345678
nov 25, 2024 3:48:20 A. M. com.jjla2425.da.practica.DataBase.DataBaseManager getSellerByCIF
INFORMACIÓN: Getting seller by CIF: A12345678
nov 25, 2024 3:48:21 A. M. com.jjla2425.da.practica.DataBase.DataBaseManager getCategories
INFORMACIÓN: Getting all categories...
nov 25, 2024 3:48:24 A. M. com.jjla2425.da.practica.DataBase.DataBaseManager updateSeller
INFORMACIÓN: Updating seller information...
nov 25, 2024 3:48:24 A. M. com.jjla2425.da.practica.DataBase.DataBaseManager updateSeller
INFORMACIÓN: Seller information updated successfully.
nov 25, 2024 7:21:13 P. M. com.jjla2425.da.practica.DataBase.DataBaseManager <init>
INFORMACIÓN: Initializing SessionFactory for Hibernate...
nov 25, 2024 7:21:15 P. M. com.jjla2425.da.practica.DataBase.DataBaseManager <init>
INFORMACIÓN: SessionFactory initialized successfully.
nov 25, 2024 7:21:15 P. M. com.jjla2425.da.practica.DataBase.DataBaseManager getSellerByCIF
INFORMACIÓN: Getting seller by CIF: A12345678
nov 25, 2024 7:21:19 P. M. com.jjla2425.da.practica.DataBase.DataBaseManager getProductsSellerActive
INFORMACIÓN: Getting active products for seller with ID: 1
nov 25, 2024 7:21:19 P. M. com.jjla2425.da.practica.DataBase.DataBaseManager convertSellerProductsEntityToProductsEntity
INFORMACIÓN: Converting SellerProductsEntity to ProductsEntity...
nov 25, 2024 7:55:33 P. M. com.jjla2425.da.practica.DataBase.DataBaseManager <init>
INFORMACIÓN: Initializing SessionFactory for Hibernate...
nov 25, 2024 7:55:34 P. M. com.jjla2425.da.practica.DataBase.DataBaseManager <init>
INFORMACIÓN: SessionFactory initialized successfully.
nov 25, 2024 7:55:35 P. M. com.jjla2425.da.practica.DataBase.DataBaseManager getSellerByCIF
INFORMACIÓN: Getting seller by CIF: A12345678
nov 25, 2024 7:55:35 P. M. com.jjla2425.da.practica.DataBase.DataBaseManager getCategories
INFORMACIÓN: Getting all categories...
nov 25, 2024 7:55:36 P. M. com.jjla2425.da.practica.DataBase.DataBaseManager getProductsSellerActive
INFORMACIÓN: Getting active products for seller with ID: 1
nov 25, 2024 7:55:36 P. M. com.jjla2425.da.practica.DataBase.DataBaseManager convertSellerProductsEntityToProductsEntity
INFORMACIÓN: Converting SellerProductsEntity to ProductsEntity...
nov 26, 2024 5:11:27 P. M. com.jjla2425.da.practica.DataBase.DataBaseManager <init>
INFORMACIÓN: Initializing SessionFactory for Hibernate...
nov 26, 2024 5:11:31 P. M. com.jjla2425.da.practica.DataBase.DataBaseManager <init>
INFORMACIÓN: SessionFactory initialized successfully.
nov 26, 2024 5:11:31 P. M. com.jjla2425.da.practica.DataBase.DataBaseManager getSellerByCIF
INFORMACIÓN: Getting seller by CIF: A12345678
nov 26, 2024 5:11:33 P. M. com.jjla2425.da.practica.DataBase.DataBaseManager getProductsSellerActive
INFORMACIÓN: Getting active products for seller with ID: 1
nov 26, 2024 5:11:33 P. M. com.jjla2425.da.practica.DataBase.DataBaseManager convertSellerProductsEntityToProductsEntity
INFORMACIÓN: Converting SellerProductsEntity to ProductsEntity...
nov 26, 2024 6:08:22 P. M. com.jjla2425.da.practica.DataBase.DataBaseManager <init>
INFORMACIÓN: Initializing SessionFactory for Hibernate...
nov 26, 2024 6:08:24 P. M. com.jjla2425.da.practica.DataBase.DataBaseManager <init>
INFORMACIÓN: SessionFactory initialized successfully.
nov 26, 2024 6:08:24 P. M. com.jjla2425.da.practica.DataBase.DataBaseManager getSellerByCIF
INFORMACIÓN: Getting seller by CIF: A12345678
nov 26, 2024 6:08:27 P. M. com.jjla2425.da.practica.DataBase.DataBaseManager getProductsSellerActive
INFORMACIÓN: Getting active products for seller with ID: 1
nov 26, 2024 6:08:27 P. M. com.jjla2425.da.practica.DataBase.DataBaseManager convertSellerProductsEntityToProductsEntity
INFORMACIÓN: Converting SellerProductsEntity to ProductsEntity...
nov 26, 2024 6:36:06 P. M. com.jjla2425.da.practica.DataBase.DataBaseManager <init>
INFORMACIÓN: Initializing SessionFactory for Hibernate...
nov 26, 2024 6:36:08 P. M. com.jjla2425.da.practica.DataBase.DataBaseManager <init>
INFORMACIÓN: SessionFactory initialized successfully.
nov 26, 2024 6:36:08 P. M. com.jjla2425.da.practica.DataBase.DataBaseManager getSellerByCIF
INFORMACIÓN: Getting seller by CIF: A12345678
nov 26, 2024 6:36:15 P. M. com.jjla2425.da.practica.DataBase.DataBaseManager getSellerByCIF
INFORMACIÓN: Getting seller by CIF: A12345678
nov 26, 2024 6:36:23 P. M. com.jjla2425.da.practica.DataBase.DataBaseManager getSellerByCIF
INFORMACIÓN: Getting seller by CIF: A12345678
nov 26, 2024 6:36:25 P. M. com.jjla2425.da.practica.DataBase.DataBaseManager getSellerByCIF
INFORMACIÓN: Getting seller by CIF: A12345678
nov 26, 2024 6:37:33 P. M. com.jjla2425.da.practica.DataBase.DataBaseManager <init>
INFORMACIÓN: Initializing SessionFactory for Hibernate...
nov 26, 2024 6:37:35 P. M. com.jjla2425.da.practica.DataBase.DataBaseManager <init>
INFORMACIÓN: SessionFactory initialized successfully.
nov 26, 2024 6:37:35 P. M. com.jjla2425.da.practica.DataBase.DataBaseManager getSellerByCIF
INFORMACIÓN: Getting seller by CIF: null
nov 26, 2024 6:37:35 P. M. com.jjla2425.da.practica.DataBase.DataBaseManager getSellerByCIF
ADVERTENCIA: No seller found with CIF: null
nov 26, 2024 6:37:46 P. M. com.jjla2425.da.practica.DataBase.DataBaseManager getSellerByCIF
INFORMACIÓN: Getting seller by CIF: A12345678
nov 26, 2024 6:39:30 P. M. com.jjla2425.da.practica.DataBase.DataBaseManager <init>
INFORMACIÓN: Initializing SessionFactory for Hibernate...
nov 26, 2024 6:39:32 P. M. com.jjla2425.da.practica.DataBase.DataBaseManager <init>
INFORMACIÓN: SessionFactory initialized successfully.
nov 26, 2024 6:39:32 P. M. com.jjla2425.da.practica.DataBase.DataBaseManager getSellerByCIF
INFORMACIÓN: Getting seller by CIF: A12345678
nov 26, 2024 6:44:15 P. M. com.jjla2425.da.practica.DataBase.DataBaseManager <init>
INFORMACIÓN: Initializing SessionFactory for Hibernate...
nov 26, 2024 6:44:16 P. M. com.jjla2425.da.practica.DataBase.DataBaseManager <init>
GRAVE: Error initializing SessionFactory
org.hibernate.boot.registry.classloading.spi.ClassLoadingException: Unable to load class [com.jjla2425.da.practica.SellersEntity]
	at org.hibernate.orm.core@6.6.1.Final/org.hibernate.boot.registry.classloading.internal.ClassLoaderServiceImpl.classForName(ClassLoaderServiceImpl.java:126)
	at org.hibernate.orm.core@6.6.1.Final/org.hibernate.boot.model.source.internal.annotations.AnnotationMetadataSourceProcessorImpl.<init>(AnnotationMetadataSourceProcessorImpl.java:103)
	at org.hibernate.orm.core@6.6.1.Final/org.hibernate.boot.model.process.spi.MetadataBuildingProcess$1.<init>(MetadataBuildingProcess.java:206)
	at org.hibernate.orm.core@6.6.1.Final/org.hibernate.boot.model.process.spi.MetadataBuildingProcess.complete(MetadataBuildingProcess.java:200)
	at org.hibernate.orm.core@6.6.1.Final/org.hibernate.boot.model.process.spi.MetadataBuildingProcess.build(MetadataBuildingProcess.java:129)
	at org.hibernate.orm.core@6.6.1.Final/org.hibernate.boot.internal.MetadataBuilderImpl.build(MetadataBuilderImpl.java:449)
	at org.hibernate.orm.core@6.6.1.Final/org.hibernate.boot.internal.MetadataBuilderImpl.build(MetadataBuilderImpl.java:101)
	at org.hibernate.orm.core@6.6.1.Final/org.hibernate.cfg.Configuration.buildSessionFactory(Configuration.java:949)
	at org.hibernate.orm.core@6.6.1.Final/org.hibernate.cfg.Configuration.buildSessionFactory(Configuration.java:999)
	at com.jjla2425.da.practica/com.jjla2425.da.practica.DataBase.DataBaseManager.<init>(DataBaseManager.java:41)
	at com.jjla2425.da.practica/com.jjla2425.da.practica.DataBase.DataBaseManager.getInstance(DataBaseManager.java:51)
	at com.jjla2425.da.practica/com.jjla2425.da.practica.Controllers.LogInController.validatePassword(LogInController.java:39)
	at java.base/jdk.internal.reflect.NativeMethodAccessorImpl.invoke0(Native Method)
	at java.base/jdk.internal.reflect.NativeMethodAccessorImpl.invoke(NativeMethodAccessorImpl.java:77)
	at java.base/jdk.internal.reflect.DelegatingMethodAccessorImpl.invoke(DelegatingMethodAccessorImpl.java:43)
	at java.base/java.lang.reflect.Method.invoke(Method.java:569)
	at com.sun.javafx.reflect.Trampoline.invoke(MethodUtil.java:77)
	at jdk.internal.reflect.GeneratedMethodAccessor2.invoke(Unknown Source)
	at java.base/jdk.internal.reflect.DelegatingMethodAccessorImpl.invoke(DelegatingMethodAccessorImpl.java:43)
	at java.base/java.lang.reflect.Method.invoke(Method.java:569)
	at javafx.base/com.sun.javafx.reflect.MethodUtil.invoke(MethodUtil.java:275)
	at javafx.fxml/com.sun.javafx.fxml.MethodHelper.invoke(MethodHelper.java:84)
	at javafx.fxml/javafx.fxml.FXMLLoader$MethodHandler.invoke(FXMLLoader.java:1854)
	at javafx.fxml/javafx.fxml.FXMLLoader$ControllerMethodEventHandler.handle(FXMLLoader.java:1724)
	at javafx.base/com.sun.javafx.event.CompositeEventHandler.dispatchBubblingEvent(CompositeEventHandler.java:86)
	at javafx.base/com.sun.javafx.event.EventHandlerManager.dispatchBubblingEvent(EventHandlerManager.java:234)
	at javafx.base/com.sun.javafx.event.EventHandlerManager.dispatchBubblingEvent(EventHandlerManager.java:191)
	at javafx.base/com.sun.javafx.event.CompositeEventDispatcher.dispatchBubblingEvent(CompositeEventDispatcher.java:59)
	at javafx.base/com.sun.javafx.event.BasicEventDispatcher.dispatchEvent(BasicEventDispatcher.java:58)
	at javafx.base/com.sun.javafx.event.EventDispatchChainImpl.dispatchEvent(EventDispatchChainImpl.java:114)
	at javafx.base/com.sun.javafx.event.BasicEventDispatcher.dispatchEvent(BasicEventDispatcher.java:56)
	at javafx.base/com.sun.javafx.event.EventDispatchChainImpl.dispatchEvent(EventDispatchChainImpl.java:114)
	at javafx.base/com.sun.javafx.event.BasicEventDispatcher.dispatchEvent(BasicEventDispatcher.java:56)
	at javafx.base/com.sun.javafx.event.EventDispatchChainImpl.dispatchEvent(EventDispatchChainImpl.java:114)
	at javafx.base/com.sun.javafx.event.EventUtil.fireEventImpl(EventUtil.java:74)
	at javafx.base/com.sun.javafx.event.EventUtil.fireEvent(EventUtil.java:49)
	at javafx.base/javafx.event.Event.fireEvent(Event.java:198)
	at javafx.graphics/javafx.scene.Node.fireEvent(Node.java:8792)
	at javafx.controls/javafx.scene.control.Button.fire(Button.java:203)
	at javafx.controls/com.sun.javafx.scene.control.behavior.ButtonBehavior.mouseReleased(ButtonBehavior.java:208)
	at javafx.controls/com.sun.javafx.scene.control.inputmap.InputMap.handle(InputMap.java:274)
	at javafx.base/com.sun.javafx.event.CompositeEventHandler$NormalEventHandlerRecord.handleBubblingEvent(CompositeEventHandler.java:247)
	at javafx.base/com.sun.javafx.event.CompositeEventHandler.dispatchBubblingEvent(CompositeEventHandler.java:80)
	at javafx.base/com.sun.javafx.event.EventHandlerManager.dispatchBubblingEvent(EventHandlerManager.java:234)
	at javafx.base/com.sun.javafx.event.EventHandlerManager.dispatchBubblingEvent(EventHandlerManager.java:191)
	at javafx.base/com.sun.javafx.event.CompositeEventDispatcher.dispatchBubblingEvent(CompositeEventDispatcher.java:59)
	at javafx.base/com.sun.javafx.event.BasicEventDispatcher.dispatchEvent(BasicEventDispatcher.java:58)
	at javafx.base/com.sun.javafx.event.EventDispatchChainImpl.dispatchEvent(EventDispatchChainImpl.java:114)
	at javafx.base/com.sun.javafx.event.BasicEventDispatcher.dispatchEvent(BasicEventDispatcher.java:56)
	at javafx.base/com.sun.javafx.event.EventDispatchChainImpl.dispatchEvent(EventDispatchChainImpl.java:114)
	at javafx.base/com.sun.javafx.event.BasicEventDispatcher.dispatchEvent(BasicEventDispatcher.java:56)
	at javafx.base/com.sun.javafx.event.EventDispatchChainImpl.dispatchEvent(EventDispatchChainImpl.java:114)
	at javafx.base/com.sun.javafx.event.EventUtil.fireEventImpl(EventUtil.java:74)
	at javafx.base/com.sun.javafx.event.EventUtil.fireEvent(EventUtil.java:54)
	at javafx.base/javafx.event.Event.fireEvent(Event.java:198)
	at javafx.graphics/javafx.scene.Scene$MouseHandler.process(Scene.java:3897)
	at javafx.graphics/javafx.scene.Scene.processMouseEvent(Scene.java:1878)
	at javafx.graphics/javafx.scene.Scene$ScenePeerListener.mouseEvent(Scene.java:2623)
	at javafx.graphics/com.sun.javafx.tk.quantum.GlassViewEventHandler$MouseEventNotification.run(GlassViewEventHandler.java:411)
	at javafx.graphics/com.sun.javafx.tk.quantum.GlassViewEventHandler$MouseEventNotification.run(GlassViewEventHandler.java:301)
	at java.base/java.security.AccessController.doPrivileged(AccessController.java:399)
	at javafx.graphics/com.sun.javafx.tk.quantum.GlassViewEventHandler.lambda$handleMouseEvent$2(GlassViewEventHandler.java:450)
	at javafx.graphics/com.sun.javafx.tk.quantum.QuantumToolkit.runWithoutRenderLock(QuantumToolkit.java:424)
	at javafx.graphics/com.sun.javafx.tk.quantum.GlassViewEventHandler.handleMouseEvent(GlassViewEventHandler.java:449)
	at javafx.graphics/com.sun.glass.ui.View.handleMouseEvent(View.java:557)
	at javafx.graphics/com.sun.glass.ui.View.notifyMouse(View.java:943)
	at javafx.graphics/com.sun.glass.ui.win.WinApplication._runLoop(Native Method)
	at javafx.graphics/com.sun.glass.ui.win.WinApplication.lambda$runLoop$3(WinApplication.java:184)
	at java.base/java.lang.Thread.run(Thread.java:840)
Caused by: java.lang.ClassNotFoundException: Could not load requested class : com.jjla2425.da.practica.SellersEntity
	at org.hibernate.orm.core@6.6.1.Final/org.hibernate.boot.registry.classloading.internal.AggregatedClassLoader.findClass(AggregatedClassLoader.java:216)
	at java.base/java.lang.ClassLoader.loadClass(ClassLoader.java:592)
	at java.base/java.lang.ClassLoader.loadClass(ClassLoader.java:525)
	at java.base/java.lang.Class.forName0(Native Method)
	at java.base/java.lang.Class.forName(Class.java:467)
	at org.hibernate.orm.core@6.6.1.Final/org.hibernate.boot.registry.classloading.internal.ClassLoaderServiceImpl.classForName(ClassLoaderServiceImpl.java:123)
	... 68 more
Caused by: java.lang.Throwable
	at org.hibernate.orm.core@6.6.1.Final/org.hibernate.boot.registry.classloading.internal.AggregatedClassLoader.findClass(AggregatedClassLoader.java:209)
	... 73 more
	Suppressed: java.lang.ClassNotFoundException: com.jjla2425.da.practica.SellersEntity
		at java.base/jdk.internal.loader.BuiltinClassLoader.loadClass(BuiltinClassLoader.java:641)
		at java.base/jdk.internal.loader.ClassLoaders$AppClassLoader.loadClass(ClassLoaders.java:188)
		at java.base/java.lang.ClassLoader.loadClass(ClassLoader.java:525)
		at org.hibernate.orm.core@6.6.1.Final/org.hibernate.boot.registry.classloading.internal.AggregatedClassLoader.findClass(AggregatedClassLoader.java:206)
		... 73 more
	Suppressed: java.lang.ClassNotFoundException: com.jjla2425.da.practica.SellersEntity
		at java.base/jdk.internal.loader.BuiltinClassLoader.loadClass(BuiltinClassLoader.java:641)
		at java.base/jdk.internal.loader.ClassLoaders$AppClassLoader.loadClass(ClassLoaders.java:188)
		at java.base/java.lang.ClassLoader.loadClass(ClassLoader.java:525)
		at org.hibernate.orm.core@6.6.1.Final/org.hibernate.boot.registry.classloading.internal.AggregatedClassLoader.findClass(AggregatedClassLoader.java:206)
		... 73 more
	Suppressed: java.lang.ClassNotFoundException: com.jjla2425.da.practica.SellersEntity
		at java.base/jdk.internal.loader.BuiltinClassLoader.loadClass(BuiltinClassLoader.java:641)
		at java.base/jdk.internal.loader.ClassLoaders$AppClassLoader.loadClass(ClassLoaders.java:188)
		at java.base/java.lang.ClassLoader.loadClass(ClassLoader.java:525)
		at org.hibernate.orm.core@6.6.1.Final/org.hibernate.boot.registry.classloading.internal.AggregatedClassLoader.findClass(AggregatedClassLoader.java:206)
		... 73 more

nov 26, 2024 6:44:51 P. M. com.jjla2425.da.practica.DataBase.DataBaseManager <init>
INFORMACIÓN: Initializing SessionFactory for Hibernate...
nov 26, 2024 6:44:53 P. M. com.jjla2425.da.practica.DataBase.DataBaseManager <init>
INFORMACIÓN: SessionFactory initialized successfully.
nov 26, 2024 6:44:53 P. M. com.jjla2425.da.practica.DataBase.DataBaseManager getSellerByCIF
INFORMACIÓN: Getting seller by CIF: A123345678
nov 26, 2024 6:44:54 P. M. com.jjla2425.da.practica.DataBase.DataBaseManager getSellerByCIF
ADVERTENCIA: No seller found with CIF: A123345678
nov 26, 2024 6:44:59 P. M. com.jjla2425.da.practica.DataBase.DataBaseManager getSellerByCIF
INFORMACIÓN: Getting seller by CIF: A12345678
nov 26, 2024 6:46:26 P. M. com.jjla2425.da.practica.DataBase.DataBaseManager <init>
INFORMACIÓN: Initializing SessionFactory for Hibernate...
nov 26, 2024 6:46:28 P. M. com.jjla2425.da.practica.DataBase.DataBaseManager <init>
INFORMACIÓN: SessionFactory initialized successfully.
nov 26, 2024 6:46:28 P. M. com.jjla2425.da.practica.DataBase.DataBaseManager getSellerByCIF
INFORMACIÓN: Getting seller by CIF: A1234566
nov 26, 2024 6:46:28 P. M. com.jjla2425.da.practica.DataBase.DataBaseManager getSellerByCIF
ADVERTENCIA: No seller found with CIF: A1234566
nov 26, 2024 6:46:33 P. M. com.jjla2425.da.practica.DataBase.DataBaseManager getSellerByCIF
INFORMACIÓN: Getting seller by CIF: A12345678
nov 26, 2024 6:46:36 P. M. com.jjla2425.da.practica.DataBase.DataBaseManager getSellerByCIF
INFORMACIÓN: Getting seller by CIF: null
nov 26, 2024 6:46:36 P. M. com.jjla2425.da.practica.DataBase.DataBaseManager getSellerByCIF
ADVERTENCIA: No seller found with CIF: null
nov 26, 2024 6:48:20 P. M. com.jjla2425.da.practica.DataBase.DataBaseManager <init>
INFORMACIÓN: Initializing SessionFactory for Hibernate...
nov 26, 2024 6:48:22 P. M. com.jjla2425.da.practica.DataBase.DataBaseManager <init>
INFORMACIÓN: SessionFactory initialized successfully.
nov 26, 2024 6:48:22 P. M. com.jjla2425.da.practica.DataBase.DataBaseManager getSellerByCIF
INFORMACIÓN: Getting seller by CIF: A12345678
nov 26, 2024 6:48:36 P. M. com.jjla2425.da.practica.DataBase.DataBaseManager getSellerByCIF
INFORMACIÓN: Getting seller by CIF: B23456789
nov 26, 2024 6:48:40 P. M. com.jjla2425.da.practica.DataBase.DataBaseManager getSellerByCIF
INFORMACIÓN: Getting seller by CIF: B23456789
nov 26, 2024 6:57:36 P. M. com.jjla2425.da.practica.DataBase.DataBaseManager <init>
INFORMACIÓN: Initializing SessionFactory for Hibernate...
nov 26, 2024 6:57:38 P. M. com.jjla2425.da.practica.DataBase.DataBaseManager <init>
INFORMACIÓN: SessionFactory initialized successfully.
nov 26, 2024 6:57:38 P. M. com.jjla2425.da.practica.DataBase.DataBaseManager getSellerByCIF
INFORMACIÓN: Getting seller by CIF: B23456789
nov 26, 2024 6:58:39 P. M. com.jjla2425.da.practica.DataBase.DataBaseManager <init>
INFORMACIÓN: Initializing SessionFactory for Hibernate...
nov 26, 2024 6:58:41 P. M. com.jjla2425.da.practica.DataBase.DataBaseManager <init>
INFORMACIÓN: SessionFactory initialized successfully.
nov 26, 2024 6:58:41 P. M. com.jjla2425.da.practica.DataBase.DataBaseManager getSellerByCIF
INFORMACIÓN: Getting seller by CIF: B23456789
